<?xml version="1.0" encoding="UTF-8"?>
<testsuite name="assignmenttwo.solarsystem.MoonTest" tests="6" skipped="0" failures="0" errors="0" timestamp="2024-04-26T11:18:39" hostname="LAPTOP-R4LPFA81" time="0.012">
  <properties/>
  <testcase name="testMoonConstructor_validInput()" classname="assignmenttwo.solarsystem.MoonTest" time="0.001"/>
  <testcase name="testMoonConstructor_nullName()" classname="assignmenttwo.solarsystem.MoonTest" time="0.001"/>
  <testcase name="testMoonConstructor_orbitRadiusTooSmall()" classname="assignmenttwo.solarsystem.MoonTest" time="0.001"/>
  <testcase name="testMoonConstructor_emptyName()" classname="assignmenttwo.solarsystem.MoonTest" time="0.001"/>
  <testcase name="testMoonConstructor_radiusTooLarge()" classname="assignmenttwo.solarsystem.MoonTest" time="0.002"/>
  <testcase name="testMoonConstructor_radiusTooSmall()" classname="assignmenttwo.solarsystem.MoonTest" time="0.001"/>
  <system-out><![CDATA[]]></system-out>
  <system-err><![CDATA[]]></system-err>
</testsuite>
